<?xml version="1.0" encoding="UTF-8"?>
<!-- Generated by org.testng.reporters.JUnitReportReporter -->
<testsuite hostname="DESKTOP-5EVK54D" failures="0" tests="3" name="testrunners.AmazonOrderRunner" time="0.938" errors="0" timestamp="2023-01-17T18:55:38 IST" skipped="0">
  <testcase classname="testrunners.AmazonOrderRunner" name="runScenario" time="0.116"/>
  <system-out/>
  <testcase classname="testrunners.AmazonOrderRunner" name="runScenario" time="0.458"/>
  <system-out/>
  <testcase classname="testrunners.AmazonOrderRunner" name="runScenario" time="0.364"/>
  <system-out/>
</testsuite> <!-- testrunners.AmazonOrderRunner -->
