<?xml version="1.0" encoding="UTF-8"?>
<!-- Generated by org.testng.reporters.JUnitReportReporter -->
<testsuite hostname="DESKTOP-5EVK54D" failures="0" tests="3" name="testrunners.ScenarioOutlineRunner" time="0.705" errors="0" timestamp="2023-01-18T19:56:27 IST" skipped="0">
  <testcase classname="testrunners.ScenarioOutlineRunner" name="runScenario" time="0.097"/>
  <system-out/>
  <testcase classname="testrunners.ScenarioOutlineRunner" name="runScenario" time="0.531"/>
  <system-out/>
  <testcase classname="testrunners.ScenarioOutlineRunner" name="runScenario" time="0.077"/>
  <system-out/>
</testsuite> <!-- testrunners.ScenarioOutlineRunner -->
